C51 COMPILER V9.55   DELAY                                                                 10/23/2022 21:31:11 PAGE 1   


C51 COMPILER V9.55, COMPILATION OF MODULE DELAY
OBJECT MODULE PLACED IN .\Objects\Delay.obj
COMPILER INVOKED BY: C:\Keil_v5\C51\BIN\C51.EXE Delay.c OPTIMIZE(8,SPEED) BROWSE DEBUG OBJECTEXTEND PRINT(.\Listings\Del
                    -ay.lst) TABS(2) OBJECT(.\Objects\Delay.obj)

line level    source

   1          #include <REGX51.H>
   2          #include <intrins.h>
   3          void Delay(unsigned char xms)   //@11.0592MHz
   4          {
   5   1        unsigned char i, j;
   6   1      while(xms--)
   7   1      {
   8   2        _nop_();
   9   2        i = 2;
  10   2        j = 199;
  11   2        do
  12   2        {
  13   3          while (--j);
  14   3        } while (--i);
  15   2      }
  16   1      }


MODULE INFORMATION:   STATIC OVERLAYABLE
   CODE SIZE        =     18    ----
   CONSTANT SIZE    =   ----    ----
   XDATA SIZE       =   ----    ----
   PDATA SIZE       =   ----    ----
   DATA SIZE        =   ----    ----
   IDATA SIZE       =   ----    ----
   BIT SIZE         =   ----    ----
END OF MODULE INFORMATION.


C51 COMPILATION COMPLETE.  0 WARNING(S),  0 ERROR(S)
