C51 COMPILER V9.55   DS18B20                                                               10/23/2022 21:31:11 PAGE 1   


C51 COMPILER V9.55, COMPILATION OF MODULE DS18B20
OBJECT MODULE PLACED IN .\Objects\DS18B20.obj
COMPILER INVOKED BY: C:\Keil_v5\C51\BIN\C51.EXE DS18B20.c OPTIMIZE(8,SPEED) BROWSE DEBUG OBJECTEXTEND PRINT(.\Listings\D
                    -S18B20.lst) TABS(2) OBJECT(.\Objects\DS18B20.obj)

line level    source

   1          #include <REGX51.H>
   2          #include "Onewire.h"
   3          #include "LCD1602.h"
   4          //宏定义DS18B20指令
   5          #define DS18B20_SKIP_ROM  0XCC
   6          #define DS18B20_CONVERT_T 0X44
   7          #define DS18B02_READ_SCRATCHPAD 0XBE
   8          /**
   9            * @brief  DS18B20开始温度变化
  10            * @param  无
  11            * @retval 无 
  12            */
  13          void DS18B20_ConvertT(void)
  14          {
  15   1          Onewire_Init();//单总线初始化
  16   1          Onewire_Sendbyte(DS18B20_SKIP_ROM);
  17   1          Onewire_Sendbyte(DS18B20_CONVERT_T);
  18   1      }
  19          /**
  20            * @brief DS18B20读取温度 
  21            * @param  无
  22            * @retval 温度数值
  23            */
  24          float DS18B20_Readt(void)
  25          {
  26   1          unsigned  char TLSB, TMSB;
  27   1          int temp;
  28   1          float t;
  29   1           Onewire_Init();
  30   1          Onewire_Sendbyte(DS18B20_SKIP_ROM);
  31   1          Onewire_Sendbyte(DS18B02_READ_SCRATCHPAD);
  32   1          TLSB = Onewire_Recivebyte();
  33   1          TMSB = Onewire_Recivebyte();
  34   1      //    LCD_ShowBinNum(1,1,TMSB,8);
  35   1      //    LCD_ShowBinNum(1,9,TMSB,8);
  36   1          temp = (TMSB << 8) | TLSB;
  37   1          t = temp / 16.0;
  38   1          return t;
  39   1      }


MODULE INFORMATION:   STATIC OVERLAYABLE
   CODE SIZE        =     57    ----
   CONSTANT SIZE    =   ----    ----
   XDATA SIZE       =   ----    ----
   PDATA SIZE       =   ----    ----
   DATA SIZE        =   ----       1
   IDATA SIZE       =   ----    ----
   BIT SIZE         =   ----    ----
END OF MODULE INFORMATION.


C51 COMPILATION COMPLETE.  0 WARNING(S),  0 ERROR(S)
