C51 COMPILER V9.55   ONEWIRE                                                               10/23/2022 21:31:11 PAGE 1   


C51 COMPILER V9.55, COMPILATION OF MODULE ONEWIRE
OBJECT MODULE PLACED IN .\Objects\Onewire.obj
COMPILER INVOKED BY: C:\Keil_v5\C51\BIN\C51.EXE Onewire.c OPTIMIZE(8,SPEED) BROWSE DEBUG OBJECTEXTEND PRINT(.\Listings\O
                    -newire.lst) TABS(2) OBJECT(.\Objects\Onewire.obj)

line level    source

   1          #include <REGX51.H>
   2          
   3          sbit Onewire_DQ = P3 ^ 7;//引脚定义
   4          /**
   5            * @brief  单总线初始化
   6            * @param  无
   7            * @retval 从机位响应，0为响应，1为不响应
   8            */
   9          unsigned char Onewire_Init(void) //初始化
  10          {
  11   1          unsigned char i;
  12   1          unsigned char AckbBit;
  13   1          Onewire_DQ = 1;
  14   1          Onewire_DQ = 0;
  15   1          i = 247;
  16   1          while (--i)
  17   1              ; //延时500微秒
  18   1          Onewire_DQ = 1;
  19   1          i = 32;
  20   1          while (--i)
  21   1              ; //延时70微秒
  22   1          i = 247;
  23   1          while (--i); //延时500微秒
  24   1          return AckbBit;
  25   1      }
  26          /**
  27            * @brief  单总线发送一位
  28            * @param  Bit
  29            * @retval  无
  30            */
  31          void Onewire_Sendbit(unsigned char Bit)
  32          {
  33   1          unsigned char i;
  34   1          Onewire_DQ = 0;
  35   1          i = 4;
  36   1          while (--i); //延时10微秒
  37   1          Onewire_DQ=Bit;
  38   1          i = 24;
  39   1          while (--i) ;//延时50微秒
  40   1          Onewire_DQ = 1;
  41   1      }
  42          /**
  43            * @brief  单总线接收一位
  44            * @param  bit
  45            * @retval  无
  46            */
  47          unsigned char OneWire_ReceivBit(void)
  48          {
  49   1          unsigned char i;
  50   1          unsigned char Bit;
  51   1          Onewire_DQ = 0;
  52   1           i = 2;
  53   1        while (--i);//延时5微秒
  54   1          Onewire_DQ = 1;
C51 COMPILER V9.55   ONEWIRE                                                               10/23/2022 21:31:11 PAGE 2   

  55   1           i = 2;
  56   1        while (--i);//延时5微秒
  57   1          Bit=Onewire_DQ;
  58   1           i = 24;
  59   1        while (--i);//延时50微秒
  60   1          return Bit;
  61   1      }
  62          /**
  63            * @brief  单总线发送一个字节
  64            * @param  byte
  65            * @retval  无
  66            */
  67          void Onewire_Sendbyte(unsigned char Byte)
  68          {
  69   1          unsigned char i;
  70   1          for(i=0;i<8;i++)
  71   1          {
  72   2            Onewire_Sendbit(Byte&(0x01<<i));//保留最低位，其他位不变，并向左移
  73   2          }
  74   1      }
  75          /**
  76            * @brief  单总线接收一个字节
  77            * @param  无
  78            * @retval  接收的一个字节
  79            */
  80          unsigned char Onewire_Recivebyte(void)
  81          {
  82   1           unsigned char i;
  83   1           unsigned char Byte=0x00;
  84   1          for(i=0;i<8;i++)
  85   1          {
  86   2               if(OneWire_ReceivBit())
  87   2               {
  88   3                  Byte|=0x01<<i;//最后一位置1，并且像左移
  89   3               }
  90   2          }
  91   1          return Byte;
  92   1      }


MODULE INFORMATION:   STATIC OVERLAYABLE
   CODE SIZE        =    117    ----
   CONSTANT SIZE    =   ----    ----
   XDATA SIZE       =   ----    ----
   PDATA SIZE       =   ----    ----
   DATA SIZE        =   ----       1
   IDATA SIZE       =   ----    ----
   BIT SIZE         =   ----    ----
END OF MODULE INFORMATION.


C51 COMPILATION COMPLETE.  0 WARNING(S),  0 ERROR(S)
